<?xml version="1.0" encoding="UTF-8"?>
<testng-results skipped="0" failed="0" ignored="0" total="1" passed="1">
  <reporter-output>
  </reporter-output>
  <suite name="ExecuteAutomation" duration-ms="17710" started-at="2018-12-19T09:18:03Z" finished-at="2018-12-19T09:18:21Z">
    <groups>
      <group name="cucumber">
        <method signature="AbstractTestNGCucumberTests.feature(cucumber.api.testng.CucumberFeatureWrapper)[pri:0, instance:runner.Runner@64bfbc86]" name="feature" class="cucumber.api.testng.AbstractTestNGCucumberTests"/>
      </group> <!-- cucumber -->
    </groups>
    <test name="Window" duration-ms="17710" started-at="2018-12-19T09:18:03Z" finished-at="2018-12-19T09:18:21Z">
      <class name="runner.Runner">
        <test-method status="PASS" signature="setUpClass()[pri:0, instance:runner.Runner@64bfbc86]" name="setUpClass" is-config="true" duration-ms="470" started-at="2018-12-19T09:18:03Z" finished-at="2018-12-19T09:18:04Z">
          <reporter-output>
          </reporter-output>
        </test-method> <!-- setUpClass -->
        <test-method status="PASS" signature="feature(cucumber.api.testng.CucumberFeatureWrapper)[pri:0, instance:runner.Runner@64bfbc86]" name="feature" duration-ms="17084" started-at="2018-12-19T09:18:04Z" description="Runs Cucumber Feature" data-provider="features" finished-at="2018-12-19T09:18:21Z">
          <params>
            <param index="0">
              <value>
                <![CDATA[Register to ZingPoll]]>
              </value>
            </param>
          </params>
          <reporter-output>
          </reporter-output>
        </test-method> <!-- feature -->
        <test-method status="PASS" signature="tearDownClass()[pri:0, instance:runner.Runner@64bfbc86]" name="tearDownClass" is-config="true" duration-ms="10" started-at="2018-12-19T09:18:21Z" finished-at="2018-12-19T09:18:21Z">
          <reporter-output>
          </reporter-output>
        </test-method> <!-- tearDownClass -->
      </class> <!-- runner.Runner -->
    </test> <!-- Window -->
  </suite> <!-- ExecuteAutomation -->
</testng-results>
